[2017-12-06T15:21:22.108] [DEBUG] index.js - SupportBank has started.
[2017-12-06T15:21:22.112] [DEBUG] index.js - trans[148]: from is of wrong format.
[2017-12-06T15:21:22.114] [DEBUG] index.js - trans[148]: to is of wrong format.
[2017-12-06T15:21:22.115] [DEBUG] index.js - trans[148]: reason is of wrong format.
[2017-12-06T15:21:22.116] [DEBUG] index.js - trans[148]: amount is not a number.
[2017-12-06T15:21:22.119] [DEBUG] index.js - trans[175]: amount is not a number.
[2017-12-06T15:21:22.121] [DEBUG] index.js - trans[200]: from is of wrong format.
[2017-12-06T15:21:22.122] [DEBUG] index.js - trans[200]: to is of wrong format.
[2017-12-06T15:21:22.123] [DEBUG] index.js - trans[200]: reason is of wrong format.
[2017-12-06T15:21:22.127] [DEBUG] index.js - trans[200]: amount is not a number.
[2017-12-06T15:40:34.327] [DEBUG] index.js - SupportBank has started.
[2017-12-06T15:42:14.371] [DEBUG] index.js - SupportBank has started.
[2017-12-06T15:47:57.089] [DEBUG] index.js - trans[0]: amount is not a number.
[2017-12-06T15:47:57.094] [DEBUG] index.js - trans[1]: amount is not a number.
[2017-12-06T15:47:57.095] [DEBUG] index.js - trans[2]: amount is not a number.
[2017-12-06T15:47:57.097] [DEBUG] index.js - trans[3]: amount is not a number.
[2017-12-06T15:47:57.099] [DEBUG] index.js - trans[4]: amount is not a number.
[2017-12-06T15:47:57.100] [DEBUG] index.js - trans[5]: amount is not a number.
[2017-12-06T15:47:57.101] [DEBUG] index.js - trans[6]: amount is not a number.
[2017-12-06T15:47:57.103] [DEBUG] index.js - trans[7]: amount is not a number.
[2017-12-06T15:47:57.104] [DEBUG] index.js - trans[8]: amount is not a number.
[2017-12-06T15:47:57.106] [DEBUG] index.js - trans[9]: amount is not a number.
[2017-12-06T15:47:57.108] [DEBUG] index.js - trans[10]: amount is not a number.
[2017-12-06T15:47:57.109] [DEBUG] index.js - trans[11]: to is of wrong format.
[2017-12-06T15:47:57.110] [DEBUG] index.js - trans[11]: reason is of wrong format.
[2017-12-06T15:47:57.111] [DEBUG] index.js - trans[11]: amount is not a number.
[2017-12-06T15:47:57.113] [DEBUG] index.js - trans[12]: to is of wrong format.
[2017-12-06T15:47:57.114] [DEBUG] index.js - trans[12]: reason is of wrong format.
[2017-12-06T15:47:57.115] [DEBUG] index.js - trans[12]: amount is not a number.
[2017-12-06T15:47:57.117] [DEBUG] index.js - trans[13]: amount is not a number.
[2017-12-06T15:47:57.118] [DEBUG] index.js - trans[14]: amount is not a number.
[2017-12-06T15:47:57.119] [DEBUG] index.js - trans[15]: amount is not a number.
[2017-12-06T15:47:57.120] [DEBUG] index.js - trans[16]: amount is not a number.
[2017-12-06T15:47:57.121] [DEBUG] index.js - trans[17]: amount is not a number.
[2017-12-06T15:47:57.122] [DEBUG] index.js - trans[18]: amount is not a number.
[2017-12-06T15:47:57.124] [DEBUG] index.js - trans[19]: amount is not a number.
[2017-12-06T15:47:57.125] [DEBUG] index.js - trans[20]: amount is not a number.
[2017-12-06T15:47:57.126] [DEBUG] index.js - trans[21]: amount is not a number.
[2017-12-06T15:47:57.127] [DEBUG] index.js - trans[22]: amount is not a number.
[2017-12-06T15:47:57.129] [DEBUG] index.js - trans[23]: amount is not a number.
[2017-12-06T15:47:57.130] [DEBUG] index.js - trans[24]: amount is not a number.
[2017-12-06T15:47:57.131] [DEBUG] index.js - trans[25]: amount is not a number.
[2017-12-06T15:47:57.133] [DEBUG] index.js - trans[26]: reason is of wrong format.
[2017-12-06T15:47:57.134] [DEBUG] index.js - trans[26]: amount is not a number.
[2017-12-06T15:47:57.135] [DEBUG] index.js - trans[27]: amount is not a number.
[2017-12-06T15:47:57.136] [DEBUG] index.js - trans[28]: amount is not a number.
[2017-12-06T15:47:57.138] [DEBUG] index.js - trans[29]: amount is not a number.
[2017-12-06T15:47:57.139] [DEBUG] index.js - trans[30]: to is of wrong format.
[2017-12-06T15:47:57.140] [DEBUG] index.js - trans[30]: reason is of wrong format.
[2017-12-06T15:47:57.141] [DEBUG] index.js - trans[30]: amount is not a number.
[2017-12-06T15:47:57.143] [DEBUG] index.js - trans[31]: amount is not a number.
[2017-12-06T15:47:57.144] [DEBUG] index.js - trans[32]: amount is not a number.
[2017-12-06T15:47:57.146] [DEBUG] index.js - trans[33]: amount is not a number.
[2017-12-06T15:47:57.147] [DEBUG] index.js - trans[34]: amount is not a number.
[2017-12-06T15:47:57.148] [DEBUG] index.js - trans[35]: amount is not a number.
[2017-12-06T15:47:57.149] [DEBUG] index.js - trans[36]: amount is not a number.
[2017-12-06T15:47:57.150] [DEBUG] index.js - trans[37]: amount is not a number.
[2017-12-06T15:47:57.151] [DEBUG] index.js - trans[38]: amount is not a number.
[2017-12-06T15:47:57.152] [DEBUG] index.js - trans[39]: amount is not a number.
[2017-12-06T15:47:57.153] [DEBUG] index.js - trans[40]: amount is not a number.
[2017-12-06T15:47:57.154] [DEBUG] index.js - trans[41]: amount is not a number.
[2017-12-06T15:47:57.155] [DEBUG] index.js - trans[42]: amount is not a number.
[2017-12-06T15:47:57.158] [DEBUG] index.js - trans[43]: amount is not a number.
[2017-12-06T15:47:57.160] [DEBUG] index.js - trans[44]: amount is not a number.
[2017-12-06T15:47:57.162] [DEBUG] index.js - trans[45]: amount is not a number.
[2017-12-06T15:47:57.164] [DEBUG] index.js - trans[46]: amount is not a number.
[2017-12-06T15:47:57.165] [DEBUG] index.js - trans[47]: amount is not a number.
[2017-12-06T15:47:57.167] [DEBUG] index.js - trans[48]: amount is not a number.
[2017-12-06T15:47:57.168] [DEBUG] index.js - trans[49]: reason is of wrong format.
[2017-12-06T15:47:57.170] [DEBUG] index.js - trans[49]: amount is not a number.
[2017-12-06T15:47:57.171] [DEBUG] index.js - trans[50]: amount is not a number.
[2017-12-06T15:47:57.172] [DEBUG] index.js - trans[51]: amount is not a number.
[2017-12-06T15:47:57.173] [DEBUG] index.js - trans[52]: amount is not a number.
[2017-12-06T15:47:57.174] [DEBUG] index.js - trans[53]: amount is not a number.
[2017-12-06T15:47:57.175] [DEBUG] index.js - trans[54]: to is of wrong format.
[2017-12-06T15:47:57.177] [DEBUG] index.js - trans[54]: reason is of wrong format.
[2017-12-06T15:47:57.178] [DEBUG] index.js - trans[54]: amount is not a number.
[2017-12-06T15:47:57.179] [DEBUG] index.js - trans[55]: amount is not a number.
[2017-12-06T15:49:08.826] [DEBUG] index.js - SupportBank has started.
[2017-12-06T15:49:20.485] [DEBUG] index.js - trans[0]: amount is not a number.
[2017-12-06T15:49:20.489] [DEBUG] index.js - trans[1]: amount is not a number.
[2017-12-06T15:49:20.491] [DEBUG] index.js - trans[2]: amount is not a number.
[2017-12-06T15:49:20.492] [DEBUG] index.js - trans[3]: amount is not a number.
[2017-12-06T15:49:20.494] [DEBUG] index.js - trans[4]: amount is not a number.
[2017-12-06T15:49:20.496] [DEBUG] index.js - trans[5]: amount is not a number.
[2017-12-06T15:49:20.498] [DEBUG] index.js - trans[6]: amount is not a number.
[2017-12-06T15:49:20.500] [DEBUG] index.js - trans[7]: amount is not a number.
[2017-12-06T15:49:20.501] [DEBUG] index.js - trans[8]: amount is not a number.
[2017-12-06T15:49:20.502] [DEBUG] index.js - trans[9]: amount is not a number.
[2017-12-06T15:49:20.504] [DEBUG] index.js - trans[10]: amount is not a number.
[2017-12-06T15:49:20.504] [DEBUG] index.js - trans[11]: to is of wrong format.
[2017-12-06T15:49:20.506] [DEBUG] index.js - trans[11]: reason is of wrong format.
[2017-12-06T15:49:20.507] [DEBUG] index.js - trans[11]: amount is not a number.
[2017-12-06T15:49:20.508] [DEBUG] index.js - trans[12]: to is of wrong format.
[2017-12-06T15:49:20.509] [DEBUG] index.js - trans[12]: reason is of wrong format.
[2017-12-06T15:49:20.510] [DEBUG] index.js - trans[12]: amount is not a number.
[2017-12-06T15:49:20.512] [DEBUG] index.js - trans[13]: amount is not a number.
[2017-12-06T15:49:20.513] [DEBUG] index.js - trans[14]: amount is not a number.
[2017-12-06T15:49:20.514] [DEBUG] index.js - trans[15]: amount is not a number.
[2017-12-06T15:49:20.515] [DEBUG] index.js - trans[16]: amount is not a number.
[2017-12-06T15:49:20.517] [DEBUG] index.js - trans[17]: amount is not a number.
[2017-12-06T15:49:20.518] [DEBUG] index.js - trans[18]: amount is not a number.
[2017-12-06T15:49:20.519] [DEBUG] index.js - trans[19]: amount is not a number.
[2017-12-06T15:49:20.520] [DEBUG] index.js - trans[20]: amount is not a number.
[2017-12-06T15:49:20.522] [DEBUG] index.js - trans[21]: amount is not a number.
[2017-12-06T15:49:20.523] [DEBUG] index.js - trans[22]: amount is not a number.
[2017-12-06T15:49:20.524] [DEBUG] index.js - trans[23]: amount is not a number.
[2017-12-06T15:49:20.525] [DEBUG] index.js - trans[24]: amount is not a number.
[2017-12-06T15:49:20.526] [DEBUG] index.js - trans[25]: amount is not a number.
[2017-12-06T15:49:20.528] [DEBUG] index.js - trans[26]: reason is of wrong format.
[2017-12-06T15:49:20.528] [DEBUG] index.js - trans[26]: amount is not a number.
[2017-12-06T15:49:20.530] [DEBUG] index.js - trans[27]: amount is not a number.
[2017-12-06T15:49:20.531] [DEBUG] index.js - trans[28]: amount is not a number.
[2017-12-06T15:49:20.532] [DEBUG] index.js - trans[29]: amount is not a number.
[2017-12-06T15:49:20.534] [DEBUG] index.js - trans[30]: to is of wrong format.
[2017-12-06T15:49:20.536] [DEBUG] index.js - trans[30]: reason is of wrong format.
[2017-12-06T15:49:20.538] [DEBUG] index.js - trans[30]: amount is not a number.
[2017-12-06T15:49:20.539] [DEBUG] index.js - trans[31]: amount is not a number.
[2017-12-06T15:49:20.541] [DEBUG] index.js - trans[32]: amount is not a number.
[2017-12-06T15:49:20.543] [DEBUG] index.js - trans[33]: amount is not a number.
[2017-12-06T15:49:20.544] [DEBUG] index.js - trans[34]: amount is not a number.
[2017-12-06T15:49:20.546] [DEBUG] index.js - trans[35]: amount is not a number.
[2017-12-06T15:49:20.548] [DEBUG] index.js - trans[36]: amount is not a number.
[2017-12-06T15:49:20.549] [DEBUG] index.js - trans[37]: amount is not a number.
[2017-12-06T15:49:20.550] [DEBUG] index.js - trans[38]: amount is not a number.
[2017-12-06T15:49:20.551] [DEBUG] index.js - trans[39]: amount is not a number.
[2017-12-06T15:49:20.553] [DEBUG] index.js - trans[40]: amount is not a number.
[2017-12-06T15:49:20.554] [DEBUG] index.js - trans[41]: amount is not a number.
[2017-12-06T15:49:20.554] [DEBUG] index.js - trans[42]: amount is not a number.
[2017-12-06T15:49:20.556] [DEBUG] index.js - trans[43]: amount is not a number.
[2017-12-06T15:49:20.557] [DEBUG] index.js - trans[44]: amount is not a number.
[2017-12-06T15:49:20.558] [DEBUG] index.js - trans[45]: amount is not a number.
[2017-12-06T15:49:20.560] [DEBUG] index.js - trans[46]: amount is not a number.
[2017-12-06T15:49:20.561] [DEBUG] index.js - trans[47]: amount is not a number.
[2017-12-06T15:49:20.562] [DEBUG] index.js - trans[48]: amount is not a number.
[2017-12-06T15:49:20.563] [DEBUG] index.js - trans[49]: reason is of wrong format.
[2017-12-06T15:49:20.564] [DEBUG] index.js - trans[49]: amount is not a number.
[2017-12-06T15:49:20.566] [DEBUG] index.js - trans[50]: amount is not a number.
[2017-12-06T15:49:20.567] [DEBUG] index.js - trans[51]: amount is not a number.
[2017-12-06T15:49:20.568] [DEBUG] index.js - trans[52]: amount is not a number.
[2017-12-06T15:49:20.569] [DEBUG] index.js - trans[53]: amount is not a number.
[2017-12-06T15:49:20.571] [DEBUG] index.js - trans[54]: to is of wrong format.
[2017-12-06T15:49:20.571] [DEBUG] index.js - trans[54]: reason is of wrong format.
[2017-12-06T15:49:20.572] [DEBUG] index.js - trans[54]: amount is not a number.
[2017-12-06T15:49:20.574] [DEBUG] index.js - trans[55]: amount is not a number.
[2017-12-06T15:49:20.575] [DEBUG] index.js - trans[56]: amount is not a number.
[2017-12-06T15:49:20.576] [DEBUG] index.js - trans[57]: amount is not a number.
[2017-12-06T15:49:20.578] [DEBUG] index.js - trans[58]: amount is not a number.
[2017-12-06T15:49:20.579] [DEBUG] index.js - trans[59]: reason is of wrong format.
[2017-12-06T15:49:20.580] [DEBUG] index.js - trans[59]: amount is not a number.
[2017-12-06T15:49:20.581] [DEBUG] index.js - trans[60]: amount is not a number.
[2017-12-06T15:49:20.582] [DEBUG] index.js - trans[61]: amount is not a number.
[2017-12-06T15:49:20.584] [DEBUG] index.js - trans[62]: reason is of wrong format.
[2017-12-06T15:49:20.585] [DEBUG] index.js - trans[62]: amount is not a number.
[2017-12-06T15:49:20.586] [DEBUG] index.js - trans[63]: amount is not a number.
[2017-12-06T15:49:20.587] [DEBUG] index.js - trans[64]: to is of wrong format.
[2017-12-06T15:49:20.588] [DEBUG] index.js - trans[64]: reason is of wrong format.
[2017-12-06T15:49:20.589] [DEBUG] index.js - trans[64]: amount is not a number.
[2017-12-06T15:49:20.590] [DEBUG] index.js - trans[65]: amount is not a number.
[2017-12-06T15:49:20.591] [DEBUG] index.js - trans[66]: amount is not a number.
[2017-12-06T15:49:20.593] [DEBUG] index.js - trans[67]: amount is not a number.
[2017-12-06T15:49:20.594] [DEBUG] index.js - trans[68]: amount is not a number.
[2017-12-06T15:49:20.595] [DEBUG] index.js - trans[69]: amount is not a number.
[2017-12-06T15:49:20.596] [DEBUG] index.js - trans[70]: reason is of wrong format.
[2017-12-06T15:49:20.597] [DEBUG] index.js - trans[70]: amount is not a number.
[2017-12-06T15:49:20.598] [DEBUG] index.js - trans[71]: amount is not a number.
[2017-12-06T15:49:20.600] [DEBUG] index.js - trans[72]: amount is not a number.
[2017-12-06T15:49:20.601] [DEBUG] index.js - trans[73]: amount is not a number.
[2017-12-06T15:49:20.602] [DEBUG] index.js - trans[74]: amount is not a number.
[2017-12-06T15:49:20.603] [DEBUG] index.js - trans[75]: amount is not a number.
[2017-12-06T15:49:20.604] [DEBUG] index.js - trans[76]: amount is not a number.
[2017-12-06T15:49:20.605] [DEBUG] index.js - trans[77]: amount is not a number.
[2017-12-06T15:49:20.607] [DEBUG] index.js - trans[78]: amount is not a number.
[2017-12-06T15:49:20.608] [DEBUG] index.js - trans[79]: amount is not a number.
[2017-12-06T15:49:20.609] [DEBUG] index.js - trans[80]: to is of wrong format.
[2017-12-06T15:49:20.610] [DEBUG] index.js - trans[80]: reason is of wrong format.
[2017-12-06T15:49:20.611] [DEBUG] index.js - trans[80]: amount is not a number.
[2017-12-06T15:49:20.613] [DEBUG] index.js - trans[81]: amount is not a number.
[2017-12-06T15:49:20.614] [DEBUG] index.js - trans[82]: to is of wrong format.
[2017-12-06T15:49:20.616] [DEBUG] index.js - trans[82]: reason is of wrong format.
[2017-12-06T15:49:20.617] [DEBUG] index.js - trans[82]: amount is not a number.
[2017-12-06T15:49:20.618] [DEBUG] index.js - trans[83]: amount is not a number.
[2017-12-06T15:49:20.620] [DEBUG] index.js - trans[84]: amount is not a number.
[2017-12-06T15:49:20.622] [DEBUG] index.js - trans[85]: amount is not a number.
[2017-12-06T15:49:20.623] [DEBUG] index.js - trans[86]: reason is of wrong format.
[2017-12-06T15:49:20.624] [DEBUG] index.js - trans[86]: amount is not a number.
[2017-12-06T15:49:20.625] [DEBUG] index.js - trans[87]: amount is not a number.
[2017-12-06T15:49:20.626] [DEBUG] index.js - trans[88]: amount is not a number.
[2017-12-06T15:49:20.628] [DEBUG] index.js - trans[89]: amount is not a number.
[2017-12-06T15:49:20.629] [DEBUG] index.js - trans[90]: amount is not a number.
[2017-12-06T15:49:20.630] [DEBUG] index.js - trans[91]: amount is not a number.
[2017-12-06T15:49:20.631] [DEBUG] index.js - trans[92]: amount is not a number.
[2017-12-06T15:49:20.633] [DEBUG] index.js - trans[93]: amount is not a number.
[2017-12-06T15:49:20.635] [DEBUG] index.js - trans[94]: amount is not a number.
[2017-12-06T15:49:20.637] [DEBUG] index.js - trans[95]: amount is not a number.
[2017-12-06T15:50:48.434] [DEBUG] index.js - SupportBank has started.
[2017-12-06T15:50:48.439] [DEBUG] index.js - trans[148]: from is of wrong format.
[2017-12-06T15:50:48.440] [DEBUG] index.js - trans[148]: to is of wrong format.
[2017-12-06T15:50:48.441] [DEBUG] index.js - trans[148]: reason is of wrong format.
[2017-12-06T15:50:48.442] [DEBUG] index.js - trans[148]: amount is not a number.
[2017-12-06T15:50:48.445] [DEBUG] index.js - trans[175]: amount is not a number.
[2017-12-06T15:50:48.447] [DEBUG] index.js - trans[200]: from is of wrong format.
[2017-12-06T15:50:48.448] [DEBUG] index.js - trans[200]: to is of wrong format.
[2017-12-06T15:50:48.449] [DEBUG] index.js - trans[200]: reason is of wrong format.
[2017-12-06T15:50:48.450] [DEBUG] index.js - trans[200]: amount is not a number.
[2017-12-06T16:18:31.233] [DEBUG] index.js - SupportBank has started.
[2017-12-06T16:19:17.669] [DEBUG] index.js - SupportBank has started.
[2017-12-06T16:19:56.550] [DEBUG] index.js - SupportBank has started.
[2017-12-06T16:19:56.555] [DEBUG] index.js - trans[148]: from is of wrong format.
[2017-12-06T16:19:56.556] [DEBUG] index.js - trans[148]: to is of wrong format.
[2017-12-06T16:19:56.557] [DEBUG] index.js - trans[148]: reason is of wrong format.
[2017-12-06T16:19:56.558] [DEBUG] index.js - trans[148]: amount is not a number.
[2017-12-06T16:19:56.562] [DEBUG] index.js - trans[26]: amount is not a number.
[2017-12-06T16:19:56.564] [DEBUG] index.js - trans[51]: from is of wrong format.
[2017-12-06T16:19:56.565] [DEBUG] index.js - trans[51]: to is of wrong format.
[2017-12-06T16:19:56.566] [DEBUG] index.js - trans[51]: reason is of wrong format.
[2017-12-06T16:19:56.567] [DEBUG] index.js - trans[51]: amount is not a number.
